<?xml version="1.0" encoding="utf-8"?><testsuites name="pytest tests"><testsuite name="pytest" errors="0" failures="0" skipped="0" tests="14" time="4.988" timestamp="2026-04-13T10:59:11.926301+00:00" hostname="agent-env-fd90954b-ec4b-4cfc-9a9c-981ddf3ede95"><testcase classname="backend.tests.test_feature_iteration6.TestDeliveryImagesAPI" name="test_get_delivery_images_public" time="0.272" /><testcase classname="backend.tests.test_feature_iteration6.TestDeliveryImagesAPI" name="test_get_delivery_images_with_limit" time="0.163" /><testcase classname="backend.tests.test_feature_iteration6.TestDeliveryImagesAPI" name="test_create_delivery_image_requires_auth" time="0.140" /><testcase classname="backend.tests.test_feature_iteration6.TestDeliveryImagesAPI" name="test_create_delivery_image_with_auth" time="0.659" /><testcase classname="backend.tests.test_feature_iteration6.TestDeliveryImagesAPI" name="test_delete_delivery_image_requires_auth" time="0.123" /><testcase classname="backend.tests.test_feature_iteration6.TestCarStatusAPI" name="test_get_cars_returns_status_field" time="0.165" /><testcase classname="backend.tests.test_feature_iteration6.TestCarStatusAPI" name="test_get_recently_sold_cars" time="0.133" /><testcase classname="backend.tests.test_feature_iteration6.TestCarStatusAPI" name="test_create_car_with_status" time="0.548" /><testcase classname="backend.tests.test_feature_iteration6.TestCarStatusAPI" name="test_update_car_status" time="1.114" /><testcase classname="backend.tests.test_feature_iteration6.TestAdminAuthentication" name="test_admin_login_success" time="0.869" /><testcase classname="backend.tests.test_feature_iteration6.TestAdminAuthentication" name="test_admin_login_invalid_credentials" time="0.127" /><testcase classname="backend.tests.test_feature_iteration6.TestExistingFunctionality" name="test_get_cars" time="0.122" /><testcase classname="backend.tests.test_feature_iteration6.TestExistingFunctionality" name="test_get_featured_cars" time="0.118" /><testcase classname="backend.tests.test_feature_iteration6.TestExistingFunctionality" name="test_get_testimonials" time="0.147" /></testsuite></testsuites>