<?xml version="1.0" encoding="utf-8"?><testsuites name="pytest tests"><testsuite name="pytest" errors="0" failures="0" skipped="0" tests="11" time="14.135" timestamp="2026-04-17T05:57:51.530027+00:00" hostname="agent-env-fd90954b-ec4b-4cfc-9a9c-981ddf3ede95"><testcase classname="backend.tests.test_branding_non_blocking.TestBrandingNonBlocking" name="test_car_creation_with_valid_pexels_url_succeeds" time="1.987" /><testcase classname="backend.tests.test_branding_non_blocking.TestBrandingNonBlocking" name="test_car_creation_with_invalid_url_still_succeeds" time="0.914" /><testcase classname="backend.tests.test_branding_non_blocking.TestBrandingNonBlocking" name="test_car_creation_with_google_drive_url" time="3.761" /><testcase classname="backend.tests.test_branding_non_blocking.TestPreviewEndpointGracefulFallback" name="test_preview_with_valid_url_returns_success" time="0.757" /><testcase classname="backend.tests.test_branding_non_blocking.TestPreviewEndpointGracefulFallback" name="test_preview_with_invalid_url_returns_fallback_not_500" time="0.248" /><testcase classname="backend.tests.test_branding_non_blocking.TestPreviewEndpointGracefulFallback" name="test_preview_with_inaccessible_google_drive_returns_fallback" time="0.593" /><testcase classname="backend.tests.test_branding_non_blocking.TestPreviewEndpointGracefulFallback" name="test_preview_with_google_drive_url" time="1.699" /><testcase classname="backend.tests.test_branding_non_blocking.TestGoogleDriveURLConversion" name="test_convert_file_d_format" time="0.157" /><testcase classname="backend.tests.test_branding_non_blocking.TestGoogleDriveURLConversion" name="test_convert_open_id_format" time="0.137" /><testcase classname="backend.tests.test_branding_non_blocking.TestGoogleDriveURLConversion" name="test_non_google_url_unchanged" time="0.159" /><testcase classname="backend.tests.test_branding_non_blocking.TestNoFailedToGenerateError" name="test_preview_never_returns_failed_error_message" time="3.543" /></testsuite></testsuites>