<?xml version="1.0" encoding="utf-8"?><testsuites name="pytest tests"><testsuite name="pytest" errors="0" failures="0" skipped="0" tests="18" time="6.760" timestamp="2026-04-06T10:30:58.223294+00:00" hostname="agent-env-fd90954b-ec4b-4cfc-9a9c-981ddf3ede95"><testcase classname="backend.tests.test_truvant_apis.TestCarsAPI" name="test_get_all_cars" time="0.298" /><testcase classname="backend.tests.test_truvant_apis.TestCarsAPI" name="test_get_featured_cars" time="0.204" /><testcase classname="backend.tests.test_truvant_apis.TestCarsAPI" name="test_get_single_car" time="0.334" /><testcase classname="backend.tests.test_truvant_apis.TestCarsAPI" name="test_get_nonexistent_car" time="0.212" /><testcase classname="backend.tests.test_truvant_apis.TestCallbackRequestsAPI" name="test_create_callback_request_without_car" time="0.202" /><testcase classname="backend.tests.test_truvant_apis.TestCallbackRequestsAPI" name="test_create_callback_request_with_car" time="0.430" /><testcase classname="backend.tests.test_truvant_apis.TestCallbackRequestsAPI" name="test_callback_request_missing_fields" time="0.131" /><testcase classname="backend.tests.test_truvant_apis.TestEnquiriesAPI" name="test_create_enquiry" time="0.209" /><testcase classname="backend.tests.test_truvant_apis.TestEnquiriesAPI" name="test_enquiry_missing_fields" time="0.215" /><testcase classname="backend.tests.test_truvant_apis.TestEnquiriesAPI" name="test_enquiry_invalid_email" time="0.201" /><testcase classname="backend.tests.test_truvant_apis.TestAuthAPI" name="test_admin_login_success" time="0.604" /><testcase classname="backend.tests.test_truvant_apis.TestAuthAPI" name="test_admin_login_invalid_credentials" time="0.625" /><testcase classname="backend.tests.test_truvant_apis.TestAuthAPI" name="test_get_current_admin" time="0.749" /><testcase classname="backend.tests.test_truvant_apis.TestProtectedEndpoints" name="test_get_callback_requests_authenticated" time="0.771" /><testcase classname="backend.tests.test_truvant_apis.TestProtectedEndpoints" name="test_get_callback_requests_unauthenticated" time="0.224" /><testcase classname="backend.tests.test_truvant_apis.TestProtectedEndpoints" name="test_get_enquiries_authenticated" time="0.751" /><testcase classname="backend.tests.test_truvant_apis.TestProtectedEndpoints" name="test_get_enquiries_unauthenticated" time="0.139" /><testcase classname="backend.tests.test_truvant_apis.TestAPIRoot" name="test_api_root" time="0.190" /></testsuite></testsuites>