<?xml version="1.0" encoding="utf-8"?><testsuites name="pytest tests"><testsuite name="pytest" errors="0" failures="0" skipped="0" tests="19" time="8.816" timestamp="2026-04-09T08:57:30.538590+00:00" hostname="agent-env-fd90954b-ec4b-4cfc-9a9c-981ddf3ede95"><testcase classname="backend.tests.test_new_features.TestAdminAuthentication" name="test_login_with_new_truvant_admin" time="1.101" /><testcase classname="backend.tests.test_new_features.TestAdminAuthentication" name="test_login_with_old_carloop_admin" time="0.708" /><testcase classname="backend.tests.test_new_features.TestAdminAuthentication" name="test_login_with_invalid_credentials" time="0.273" /><testcase classname="backend.tests.test_new_features.TestCustomerLeads" name="test_create_customer_lead" time="0.208" /><testcase classname="backend.tests.test_new_features.TestCustomerLeads" name="test_create_lead_minimal_data" time="0.199" /><testcase classname="backend.tests.test_new_features.TestCustomerLeads" name="test_get_customer_leads_requires_auth" time="0.241" /><testcase classname="backend.tests.test_new_features.TestCustomerLeads" name="test_get_customer_leads_with_auth" time="0.911" /><testcase classname="backend.tests.test_new_features.TestCustomerLeads" name="test_search_customer_leads" time="1.018" /><testcase classname="backend.tests.test_new_features.TestCustomerLeads" name="test_filter_leads_by_source" time="0.960" /><testcase classname="backend.tests.test_new_features.TestCustomerLeads" name="test_export_customer_leads_csv" time="0.885" /><testcase classname="backend.tests.test_new_features.TestForgotPassword" name="test_forgot_password_valid_email" time="0.219" /><testcase classname="backend.tests.test_new_features.TestForgotPassword" name="test_forgot_password_invalid_email" time="0.177" /><testcase classname="backend.tests.test_new_features.TestForgotPassword" name="test_verify_reset_token_invalid" time="0.175" /><testcase classname="backend.tests.test_new_features.TestForgotPassword" name="test_reset_password_invalid_token" time="0.199" /><testcase classname="backend.tests.test_new_features.TestExistingFunctionality" name="test_get_cars" time="0.223" /><testcase classname="backend.tests.test_new_features.TestExistingFunctionality" name="test_get_featured_cars" time="0.226" /><testcase classname="backend.tests.test_new_features.TestExistingFunctionality" name="test_get_testimonials" time="0.229" /><testcase classname="backend.tests.test_new_features.TestExistingFunctionality" name="test_create_enquiry" time="0.246" /><testcase classname="backend.tests.test_new_features.TestExistingFunctionality" name="test_create_callback_request" time="0.250" /></testsuite></testsuites>