<?xml version="1.0" encoding="utf-8"?><testsuites name="pytest tests"><testsuite name="pytest" errors="0" failures="0" skipped="0" tests="11" time="8.848" timestamp="2026-04-17T05:38:23.043895+00:00" hostname="agent-env-fd90954b-ec4b-4cfc-9a9c-981ddf3ede95"><testcase classname="tests.test_add_car_bug_fix.TestGoogleDriveURLConversion" name="test_convert_drive_url_file_d_format" time="0.276" /><testcase classname="tests.test_add_car_bug_fix.TestGoogleDriveURLConversion" name="test_convert_drive_url_open_id_format" time="0.217" /><testcase classname="tests.test_add_car_bug_fix.TestGoogleDriveURLConversion" name="test_non_drive_url_unchanged" time="0.143" /><testcase classname="tests.test_add_car_bug_fix.TestImageURLValidation" name="test_valid_pexels_url_succeeds" time="2.778" /><testcase classname="tests.test_add_car_bug_fix.TestImageURLValidation" name="test_invalid_google_drive_url_returns_404_error" time="0.303" /><testcase classname="tests.test_add_car_bug_fix.TestImageURLValidation" name="test_empty_image_url_returns_required_error" time="0.216" /><testcase classname="tests.test_add_car_bug_fix.TestImageURLValidation" name="test_inaccessible_url_returns_specific_error" time="0.330" /><testcase classname="tests.test_add_car_bug_fix.TestCarCreationWithBranding" name="test_car_creation_stores_original_image" time="1.825" /><testcase classname="tests.test_add_car_bug_fix.TestCarCreationWithBranding" name="test_car_creation_returns_branded_image" time="1.814" /><testcase classname="tests.test_add_car_bug_fix.TestErrorMessageSpecificity" name="test_error_not_generic_failed_to_save" time="0.601" /><testcase classname="tests.test_add_car_bug_fix.TestCleanup" name="test_cleanup_test_cars" time="0.158" /></testsuite></testsuites>