<?xml version="1.0" encoding="utf-8"?><testsuites name="pytest tests"><testsuite name="pytest" errors="0" failures="0" skipped="0" tests="11" time="21.978" timestamp="2026-04-17T05:00:50.226303+00:00" hostname="agent-env-fd90954b-ec4b-4cfc-9a9c-981ddf3ede95"><testcase classname="backend.tests.test_image_branding.TestImageBrandingPreview" name="test_brand_image_preview_success" time="2.459" /><testcase classname="backend.tests.test_image_branding.TestImageBrandingPreview" name="test_brand_image_preview_no_auth_required" time="2.477" /><testcase classname="backend.tests.test_image_branding.TestImageBrandingPreview" name="test_brand_image_preview_invalid_url" time="0.933" /><testcase classname="backend.tests.test_image_branding.TestImageBrandingPreview" name="test_brand_image_preview_custom_options" time="2.577" /><testcase classname="backend.tests.test_image_branding.TestImageBrandingAuth" name="test_brand_image_requires_auth" time="0.195" /><testcase classname="backend.tests.test_image_branding.TestImageBrandingAuth" name="test_brand_image_with_auth" time="2.945" /><testcase classname="backend.tests.test_image_branding.TestCarCreationWithBranding" name="test_create_car_auto_brands_image" time="2.909" /><testcase classname="backend.tests.test_image_branding.TestCarCreationWithBranding" name="test_create_car_with_gallery_brands_all" time="3.193" /><testcase classname="backend.tests.test_image_branding.TestCarUpdateWithBranding" name="test_update_car_brands_new_image" time="3.647" /><testcase classname="backend.tests.test_image_branding.TestExistingBrandedCar" name="test_get_branded_car" time="0.240" /><testcase classname="backend.tests.test_image_branding.TestExistingBrandedCar" name="test_verify_test_car_exists" time="0.214" /></testsuite></testsuites>