<?xml version="1.0" encoding="utf-8"?><testsuites name="pytest tests"><testsuite name="pytest" errors="0" failures="0" skipped="0" tests="15" time="3.364" timestamp="2026-04-17T11:58:39.040897+00:00" hostname="agent-env-fd90954b-ec4b-4cfc-9a9c-981ddf3ede95"><testcase classname="backend.tests.test_filters_and_families.TestCarsAPI" name="test_get_all_cars" time="0.369" /><testcase classname="backend.tests.test_filters_and_families.TestCarsAPI" name="test_cars_have_transmission_field" time="0.129" /><testcase classname="backend.tests.test_filters_and_families.TestCarsAPI" name="test_cars_have_price_field" time="0.127" /><testcase classname="backend.tests.test_filters_and_families.TestCarsAPI" name="test_cars_have_body_type_or_specifications" time="0.137" /><testcase classname="backend.tests.test_filters_and_families.TestCarsAPI" name="test_get_featured_cars" time="0.145" /><testcase classname="backend.tests.test_filters_and_families.TestFamilyDeliveriesAPI" name="test_get_family_deliveries_public" time="0.059" /><testcase classname="backend.tests.test_filters_and_families.TestFamilyDeliveriesAPI" name="test_get_family_deliveries_with_limit" time="0.051" /><testcase classname="backend.tests.test_filters_and_families.TestFamilyDeliveriesAPI" name="test_create_family_delivery_requires_auth" time="0.148" /><testcase classname="backend.tests.test_filters_and_families.TestFamilyDeliveriesAPI" name="test_create_family_delivery_authenticated" time="0.518" /><testcase classname="backend.tests.test_filters_and_families.TestFamilyDeliveriesAPI" name="test_delete_family_delivery_requires_auth" time="0.169" /><testcase classname="backend.tests.test_filters_and_families.TestFamilyDeliveriesAPI" name="test_create_and_delete_family_delivery" time="0.216" /><testcase classname="backend.tests.test_filters_and_families.TestFamilyDeliveriesAPI" name="test_delete_nonexistent_family_delivery" time="0.055" /><testcase classname="backend.tests.test_filters_and_families.TestAdminAuth" name="test_admin_login_success" time="0.411" /><testcase classname="backend.tests.test_filters_and_families.TestAdminAuth" name="test_admin_login_invalid_credentials" time="0.434" /><testcase classname="backend.tests.test_filters_and_families.TestCleanup" name="test_cleanup_test_family_deliveries" time="0.158" /></testsuite></testsuites>